# JRE version: Java(TM) SE Runtime Environment (8.0_271-b09) (build 1.8.0_271-b09)
# Java VM: Java HotSpot(TM) 64-Bit Server VM (25.271-b09 mixed mode windows-amd64 compressed oops)
Heap:
 PSYoungGen      total 119808K, used 22899K [0x000000076e000000, 0x0000000777900000, 0x00000007c0000000)
  eden space 96256K, 23% used [0x000000076e000000,0x000000076f65cf60,0x0000000773e00000)
  from space 23552K, 0% used [0x0000000776200000,0x0000000776200000,0x0000000777900000)
  to   space 30208K, 0% used [0x0000000773e00000,0x0000000773e00000,0x0000000775b80000)
 ParOldGen       total 125952K, used 28398K [0x00000006ca000000, 0x00000006d1b00000, 0x000000076e000000)
  object space 125952K, 22% used [0x00000006ca000000,0x00000006cbbbb950,0x00000006d1b00000)
 Metaspace       used 24732K, capacity 25416K, committed 25600K, reserved 1073152K
  class space    used 2856K, capacity 3029K, committed 3072K, reserved 1048576K
GC Heap History (10 events):
Event: 3.760 GC heap before
{Heap before GC invocations=8 (full 0):
 PSYoungGen      total 73728K, used 69088K [0x000000076e000000, 0x0000000773200000, 0x00000007c0000000)
  eden space 63488K, 100% used [0x000000076e000000,0x0000000771e00000,0x0000000771e00000)
  from space 10240K, 54% used [0x0000000771e00000,0x0000000772378020,0x0000000772800000)
  to   space 10240K, 0% used [0x0000000772800000,0x0000000772800000,0x0000000773200000)
 ParOldGen       total 167936K, used 73418K [0x00000006ca000000, 0x00000006d4400000, 0x000000076e000000)
  object space 167936K, 43% used [0x00000006ca000000,0x00000006ce7b2bf0,0x00000006d4400000)
 Metaspace       used 20046K, capacity 20642K, committed 20992K, reserved 1067008K
  class space    used 2270K, capacity 2436K, committed 2560K, reserved 1048576K
Event: 3.764 GC heap after
Heap after GC invocations=8 (full 0):
 PSYoungGen      total 73728K, used 3168K [0x000000076e000000, 0x0000000773200000, 0x00000007c0000000)
  eden space 63488K, 0% used [0x000000076e000000,0x000000076e000000,0x0000000771e00000)
  from space 10240K, 30% used [0x0000000772800000,0x0000000772b18000,0x0000000773200000)
  to   space 10240K, 0% used [0x0000000771e00000,0x0000000771e00000,0x0000000772800000)
 ParOldGen       total 167936K, used 75880K [0x00000006ca000000, 0x00000006d4400000, 0x000000076e000000)
  object space 167936K, 45% used [0x00000006ca000000,0x00000006cea1a2a0,0x00000006d4400000)
 Metaspace       used 20046K, capacity 20642K, committed 20992K, reserved 1067008K
  class space    used 2270K, capacity 2436K, committed 2560K, reserved 1048576K
}
Event: 3.933 GC heap before
{Heap before GC invocations=9 (full 0):
 PSYoungGen      total 73728K, used 18306K [0x000000076e000000, 0x0000000773200000, 0x00000007c0000000)
  eden space 63488K, 23% used [0x000000076e000000,0x000000076eec8a48,0x0000000771e00000)
  from space 10240K, 30% used [0x0000000772800000,0x0000000772b18000,0x0000000773200000)
  to   space 10240K, 0% used [0x0000000771e00000,0x0000000771e00000,0x0000000772800000)
 ParOldGen       total 167936K, used 75880K [0x00000006ca000000, 0x00000006d4400000, 0x000000076e000000)
  object space 167936K, 45% used [0x00000006ca000000,0x00000006cea1a2a0,0x00000006d4400000)
 Metaspace       used 20513K, capacity 21076K, committed 21248K, reserved 1069056K
  class space    used 2306K, capacity 2477K, committed 2560K, reserved 1048576K
Event: 3.936 GC heap after
Heap after GC invocations=9 (full 0):
 PSYoungGen      total 73728K, used 1275K [0x000000076e000000, 0x0000000778080000, 0x00000007c0000000)
  eden space 63488K, 0% used [0x000000076e000000,0x000000076e000000,0x0000000771e00000)
  from space 10240K, 12% used [0x0000000771e00000,0x0000000771f3eea8,0x0000000772800000)
  to   space 31232K, 0% used [0x0000000776200000,0x0000000776200000,0x0000000778080000)
 ParOldGen       total 167936K, used 78871K [0x00000006ca000000, 0x00000006d4400000, 0x000000076e000000)
  object space 167936K, 46% used [0x00000006ca000000,0x00000006ced05fa8,0x00000006d4400000)
 Metaspace       used 20513K, capacity 21076K, committed 21248K, reserved 1069056K
  class space    used 2306K, capacity 2477K, committed 2560K, reserved 1048576K
}
Event: 3.936 GC heap before
{Heap before GC invocations=10 (full 1):
 PSYoungGen      total 73728K, used 1275K [0x000000076e000000, 0x0000000778080000, 0x00000007c0000000)
  eden space 63488K, 0% used [0x000000076e000000,0x000000076e000000,0x0000000771e00000)
  from space 10240K, 12% used [0x0000000771e00000,0x0000000771f3eea8,0x0000000772800000)
  to   space 31232K, 0% used [0x0000000776200000,0x0000000776200000,0x0000000778080000)
 ParOldGen       total 167936K, used 78871K [0x00000006ca000000, 0x00000006d4400000, 0x000000076e000000)
  object space 167936K, 46% used [0x00000006ca000000,0x00000006ced05fa8,0x00000006d4400000)
 Metaspace       used 20513K, capacity 21076K, committed 21248K, reserved 1069056K
  class space    used 2306K, capacity 2477K, committed 2560K, reserved 1048576K
Event: 3.998 GC heap after
Heap after GC invocations=10 (full 1):
 PSYoungGen      total 73728K, used 0K [0x000000076e000000, 0x0000000778080000, 0x00000007c0000000)
  eden space 63488K, 0% used [0x000000076e000000,0x000000076e000000,0x0000000771e00000)
  from space 10240K, 0% used [0x0000000771e00000,0x0000000771e00000,0x0000000772800000)
  to   space 31232K, 0% used [0x0000000776200000,0x0000000776200000,0x0000000778080000)
 ParOldGen       total 125952K, used 24527K [0x00000006ca000000, 0x00000006d1b00000, 0x000000076e000000)
  object space 125952K, 19% used [0x00000006ca000000,0x00000006cb7f3c78,0x00000006d1b00000)
 Metaspace       used 20513K, capacity 21076K, committed 21248K, reserved 1069056K
  class space    used 2306K, capacity 2477K, committed 2560K, reserved 1048576K
}
Event: 4.236 GC heap before
{Heap before GC invocations=11 (full 1):
 PSYoungGen      total 73728K, used 32819K [0x000000076e000000, 0x0000000778080000, 0x00000007c0000000)
  eden space 63488K, 51% used [0x000000076e000000,0x000000077000cc80,0x0000000771e00000)
  from space 10240K, 0% used [0x0000000771e00000,0x0000000771e00000,0x0000000772800000)
  to   space 31232K, 0% used [0x0000000776200000,0x0000000776200000,0x0000000778080000)
 ParOldGen       total 125952K, used 24527K [0x00000006ca000000, 0x00000006d1b00000, 0x000000076e000000)
  object space 125952K, 19% used [0x00000006ca000000,0x00000006cb7f3c78,0x00000006d1b00000)
 Metaspace       used 24283K, capacity 24936K, committed 25088K, reserved 1075200K
  class space    used 2814K, capacity 2997K, committed 3072K, reserved 1048576K
Event: 4.244 GC heap after
Heap after GC invocations=11 (full 1):
 PSYoungGen      total 119808K, used 5603K [0x000000076e000000, 0x0000000777900000, 0x00000007c0000000)
  eden space 96256K, 0% used [0x000000076e000000,0x000000076e000000,0x0000000773e00000)
  from space 23552K, 23% used [0x0000000776200000,0x0000000776778f58,0x0000000777900000)
  to   space 30208K, 0% used [0x0000000773e00000,0x0000000773e00000,0x0000000775b80000)
 ParOldGen       total 125952K, used 24535K [0x00000006ca000000, 0x00000006d1b00000, 0x000000076e000000)
  object space 125952K, 19% used [0x00000006ca000000,0x00000006cb7f5c78,0x00000006d1b00000)
 Metaspace       used 24283K, capacity 24936K, committed 25088K, reserved 1075200K
  class space    used 2814K, capacity 2997K, committed 3072K, reserved 1048576K
}
Event: 4.244 GC heap before
{Heap before GC invocations=12 (full 2):
 PSYoungGen      total 119808K, used 5603K [0x000000076e000000, 0x0000000777900000, 0x00000007c0000000)
  eden space 96256K, 0% used [0x000000076e000000,0x000000076e000000,0x0000000773e00000)
  from space 23552K, 23% used [0x0000000776200000,0x0000000776778f58,0x0000000777900000)
  to   space 30208K, 0% used [0x0000000773e00000,0x0000000773e00000,0x0000000775b80000)
 ParOldGen       total 125952K, used 24535K [0x00000006ca000000, 0x00000006d1b00000, 0x000000076e000000)
  object space 125952K, 19% used [0x00000006ca000000,0x00000006cb7f5c78,0x00000006d1b00000)
 Metaspace       used 24283K, capacity 24936K, committed 25088K, reserved 1075200K
  class space    used 2814K, capacity 2997K, committed 3072K, reserved 1048576K
Event: 4.301 GC heap after
Heap after GC invocations=12 (full 2):
 PSYoungGen      total 119808K, used 0K [0x000000076e000000, 0x0000000777900000, 0x00000007c0000000)
  eden space 96256K, 0% used [0x000000076e000000,0x000000076e000000,0x0000000773e00000)
  from space 23552K, 0% used [0x0000000776200000,0x0000000776200000,0x0000000777900000)
  to   space 30208K, 0% used [0x0000000773e00000,0x0000000773e00000,0x0000000775b80000)
 ParOldGen       total 125952K, used 28398K [0x00000006ca000000, 0x00000006d1b00000, 0x000000076e000000)
  object space 125952K, 22% used [0x00000006ca000000,0x00000006cbbbb950,0x00000006d1b00000)
 Metaspace       used 24283K, capacity 24936K, committed 25088K, reserved 1073152K
  class space    used 2814K, capacity 2997K, committed 3072K, reserved 1048576K
}

