# JRE version: Java(TM) SE Runtime Environment (8.0_271-b09) (build 1.8.0_271-b09)
# Java VM: Java HotSpot(TM) 64-Bit Server VM (25.271-b09 mixed mode windows-amd64 compressed oops)
Heap:
 PSYoungGen      total 219648K, used 44326K [0x000000076e000000, 0x0000000780e00000, 0x00000007c0000000)
  eden space 193024K, 9% used [0x000000076e000000,0x000000076f1c97d0,0x0000000779c80000)
  from space 26624K, 98% used [0x000000077f400000,0x0000000780d80290,0x0000000780e00000)
  to   space 32768K, 0% used [0x000000077ce00000,0x000000077ce00000,0x000000077ee00000)
 ParOldGen       total 129024K, used 17797K [0x00000006ca000000, 0x00000006d1e00000, 0x000000076e000000)
  object space 129024K, 13% used [0x00000006ca000000,0x00000006cb161608,0x00000006d1e00000)
 Metaspace       used 26311K, capacity 26950K, committed 27136K, reserved 1073152K
  class space    used 3085K, capacity 3281K, committed 3328K, reserved 1048576K
GC Heap History (10 events):
Event: 2.375 GC heap before
{Heap before GC invocations=3 (full 0):
 PSYoungGen      total 73728K, used 73722K [0x000000076e000000, 0x0000000773200000, 0x00000007c0000000)
  eden space 63488K, 100% used [0x000000076e000000,0x0000000771e00000,0x0000000771e00000)
  from space 10240K, 99% used [0x0000000772800000,0x00000007731fe878,0x0000000773200000)
  to   space 10240K, 0% used [0x0000000771e00000,0x0000000771e00000,0x0000000772800000)
 ParOldGen       total 167936K, used 1527K [0x00000006ca000000, 0x00000006d4400000, 0x000000076e000000)
  object space 167936K, 0% used [0x00000006ca000000,0x00000006ca17dde8,0x00000006d4400000)
 Metaspace       used 16888K, capacity 17288K, committed 17536K, reserved 1064960K
  class space    used 1959K, capacity 2049K, committed 2176K, reserved 1048576K
Event: 2.385 GC heap after
Heap after GC invocations=3 (full 0):
 PSYoungGen      total 73728K, used 10232K [0x000000076e000000, 0x0000000777000000, 0x00000007c0000000)
  eden space 63488K, 0% used [0x000000076e000000,0x000000076e000000,0x0000000771e00000)
  from space 10240K, 99% used [0x0000000771e00000,0x00000007727fe030,0x0000000772800000)
  to   space 10240K, 0% used [0x0000000776600000,0x0000000776600000,0x0000000777000000)
 ParOldGen       total 167936K, used 4575K [0x00000006ca000000, 0x00000006d4400000, 0x000000076e000000)
  object space 167936K, 2% used [0x00000006ca000000,0x00000006ca477c90,0x00000006d4400000)
 Metaspace       used 16888K, capacity 17288K, committed 17536K, reserved 1064960K
  class space    used 1959K, capacity 2049K, committed 2176K, reserved 1048576K
}
Event: 2.716 GC heap before
{Heap before GC invocations=4 (full 0):
 PSYoungGen      total 73728K, used 62213K [0x000000076e000000, 0x0000000777000000, 0x00000007c0000000)
  eden space 63488K, 81% used [0x000000076e000000,0x00000007712c36d0,0x0000000771e00000)
  from space 10240K, 99% used [0x0000000771e00000,0x00000007727fe030,0x0000000772800000)
  to   space 10240K, 0% used [0x0000000776600000,0x0000000776600000,0x0000000777000000)
 ParOldGen       total 167936K, used 4575K [0x00000006ca000000, 0x00000006d4400000, 0x000000076e000000)
  object space 167936K, 2% used [0x00000006ca000000,0x00000006ca477c90,0x00000006d4400000)
 Metaspace       used 17936K, capacity 18412K, committed 18688K, reserved 1064960K
  class space    used 2057K, capacity 2187K, committed 2304K, reserved 1048576K
Event: 2.731 GC heap after
Heap after GC invocations=4 (full 0):
 PSYoungGen      total 137216K, used 10232K [0x000000076e000000, 0x0000000777000000, 0x00000007c0000000)
  eden space 126976K, 0% used [0x000000076e000000,0x000000076e000000,0x0000000775c00000)
  from space 10240K, 99% used [0x0000000776600000,0x0000000776ffe030,0x0000000777000000)
  to   space 10240K, 0% used [0x0000000775c00000,0x0000000775c00000,0x0000000776600000)
 ParOldGen       total 167936K, used 26173K [0x00000006ca000000, 0x00000006d4400000, 0x000000076e000000)
  object space 167936K, 15% used [0x00000006ca000000,0x00000006cb98f728,0x00000006d4400000)
 Metaspace       used 17936K, capacity 18412K, committed 18688K, reserved 1064960K
  class space    used 2057K, capacity 2187K, committed 2304K, reserved 1048576K
}
Event: 3.154 GC heap before
{Heap before GC invocations=5 (full 0):
 PSYoungGen      total 137216K, used 82155K [0x000000076e000000, 0x0000000777000000, 0x00000007c0000000)
  eden space 126976K, 56% used [0x000000076e000000,0x000000077263cf78,0x0000000775c00000)
  from space 10240K, 99% used [0x0000000776600000,0x0000000776ffe030,0x0000000777000000)
  to   space 10240K, 0% used [0x0000000775c00000,0x0000000775c00000,0x0000000776600000)
 ParOldGen       total 167936K, used 26173K [0x00000006ca000000, 0x00000006d4400000, 0x000000076e000000)
  object space 167936K, 15% used [0x00000006ca000000,0x00000006cb98f728,0x00000006d4400000)
 Metaspace       used 20640K, capacity 21132K, committed 21248K, reserved 1069056K
  class space    used 2390K, capacity 2523K, committed 2560K, reserved 1048576K
Event: 3.167 GC heap after
Heap after GC invocations=5 (full 0):
 PSYoungGen      total 137216K, used 10216K [0x000000076e000000, 0x0000000781000000, 0x00000007c0000000)
  eden space 126976K, 0% used [0x000000076e000000,0x000000076e000000,0x0000000775c00000)
  from space 10240K, 99% used [0x0000000775c00000,0x00000007765fa080,0x0000000776600000)
  to   space 28672K, 0% used [0x000000077f400000,0x000000077f400000,0x0000000781000000)
 ParOldGen       total 167936K, used 29146K [0x00000006ca000000, 0x00000006d4400000, 0x000000076e000000)
  object space 167936K, 17% used [0x00000006ca000000,0x00000006cbc76998,0x00000006d4400000)
 Metaspace       used 20640K, capacity 21132K, committed 21248K, reserved 1069056K
  class space    used 2390K, capacity 2523K, committed 2560K, reserved 1048576K
}
Event: 3.167 GC heap before
{Heap before GC invocations=6 (full 1):
 PSYoungGen      total 137216K, used 10216K [0x000000076e000000, 0x0000000781000000, 0x00000007c0000000)
  eden space 126976K, 0% used [0x000000076e000000,0x000000076e000000,0x0000000775c00000)
  from space 10240K, 99% used [0x0000000775c00000,0x00000007765fa080,0x0000000776600000)
  to   space 28672K, 0% used [0x000000077f400000,0x000000077f400000,0x0000000781000000)
 ParOldGen       total 167936K, used 29146K [0x00000006ca000000, 0x00000006d4400000, 0x000000076e000000)
  object space 167936K, 17% used [0x00000006ca000000,0x00000006cbc76998,0x00000006d4400000)
 Metaspace       used 20640K, capacity 21132K, committed 21248K, reserved 1069056K
  class space    used 2390K, capacity 2523K, committed 2560K, reserved 1048576K
Event: 3.224 GC heap after
Heap after GC invocations=6 (full 1):
 PSYoungGen      total 137216K, used 0K [0x000000076e000000, 0x0000000781000000, 0x00000007c0000000)
  eden space 126976K, 0% used [0x000000076e000000,0x000000076e000000,0x0000000775c00000)
  from space 10240K, 0% used [0x0000000775c00000,0x0000000775c00000,0x0000000776600000)
  to   space 28672K, 0% used [0x000000077f400000,0x000000077f400000,0x0000000781000000)
 ParOldGen       total 129024K, used 17789K [0x00000006ca000000, 0x00000006d1e00000, 0x000000076e000000)
  object space 129024K, 13% used [0x00000006ca000000,0x00000006cb15f608,0x00000006d1e00000)
 Metaspace       used 20640K, capacity 21132K, committed 21248K, reserved 1069056K
  class space    used 2390K, capacity 2523K, committed 2560K, reserved 1048576K
}
Event: 4.874 GC heap before
{Heap before GC invocations=7 (full 1):
 PSYoungGen      total 137216K, used 126976K [0x000000076e000000, 0x0000000781000000, 0x00000007c0000000)
  eden space 126976K, 100% used [0x000000076e000000,0x0000000775c00000,0x0000000775c00000)
  from space 10240K, 0% used [0x0000000775c00000,0x0000000775c00000,0x0000000776600000)
  to   space 28672K, 0% used [0x000000077f400000,0x000000077f400000,0x0000000781000000)
 ParOldGen       total 129024K, used 17789K [0x00000006ca000000, 0x00000006d1e00000, 0x000000076e000000)
  object space 129024K, 13% used [0x00000006ca000000,0x00000006cb15f608,0x00000006d1e00000)
 Metaspace       used 26143K, capacity 26822K, committed 27136K, reserved 1073152K
  class space    used 3065K, capacity 3281K, committed 3328K, reserved 1048576K
Event: 4.898 GC heap after
Heap after GC invocations=7 (full 1):
 PSYoungGen      total 219648K, used 26112K [0x000000076e000000, 0x0000000780e00000, 0x00000007c0000000)
  eden space 193024K, 0% used [0x000000076e000000,0x000000076e000000,0x0000000779c80000)
  from space 26624K, 98% used [0x000000077f400000,0x0000000780d80290,0x0000000780e00000)
  to   space 32768K, 0% used [0x000000077ce00000,0x000000077ce00000,0x000000077ee00000)
 ParOldGen       total 129024K, used 17797K [0x00000006ca000000, 0x00000006d1e00000, 0x000000076e000000)
  object space 129024K, 13% used [0x00000006ca000000,0x00000006cb161608,0x00000006d1e00000)
 Metaspace       used 26143K, capacity 26822K, committed 27136K, reserved 1073152K
  class space    used 3065K, capacity 3281K, committed 3328K, reserved 1048576K
}

